<?xml version="1.0" encoding="UTF-8"?>
<testsuite name="task.MyExampleTest" tests="1" skipped="0" failures="0" errors="0" timestamp="2021-12-15T15:08:09" hostname="UKML29BHLVCG" time="0.002">
  <properties/>
  <testcase name="testSomething" classname="task.MyExampleTest" time="0.002"/>
  <system-out><![CDATA[]]></system-out>
  <system-err><![CDATA[]]></system-err>
</testsuite>
